{"name": "test_bing_search[chromium]", "status": "failed", "statusDetails": {"message": "AssertionError: Page title expected to be 'Bing123'\nActual value: Search - Microsoft Bing \nCall log:\n  - Expect \"to_have_title\" with timeout 5000ms\n    8 × unexpected value \"Search - Microsoft Bing\"", "trace": "page = <Page url='https://www.bing.com/'>\n\n    def test_bing_search(page):\n        page.goto(\"https://www.bing.com\")\n>       expect(page).to_have_title(\"Bing123\")  # Intentionally failed\n        ^^^^^^^^^^^^^^^^^^^^^^^^^^^^^^^^^^^^^\nE       AssertionError: Page title expected to be 'Bing123'\nE       Actual value: Search - Microsoft Bing \nE       Call log:\nE         - Expect \"to_have_title\" with timeout 5000ms\nE           8 × unexpected value \"Search - Microsoft Bing\"\n\ntest_allure.py:11: AssertionError"}, "attachments": [{"name": "Failure Screenshot", "source": "acfb9485-b9a9-4b5a-a0ed-91b9433df605-attachment.png", "type": "image/png"}], "parameters": [{"name": "browser_name", "value": "'chromium'"}], "start": 1763288910165, "stop": 1763288915834, "uuid": "9ac85c4a-8da3-496e-8e35-34d8c7f96449", "historyId": "12a3e115df96dbbf6bbf52e8d5b8fb46", "testCaseId": "2bea0ab14c50150037a63bdc2aba895c", "fullName": "17ALLURE_REPORTS.test_allure#test_bing_search", "labels": [{"name": "parentSuite", "value": "17ALLURE_REPORTS"}, {"name": "suite", "value": "test_allure"}, {"name": "host", "value": "DESKTOP-4UF9CDE"}, {"name": "thread", "value": "21732-MainThread"}, {"name": "framework", "value": "pytest"}, {"name": "language", "value": "cpython3"}, {"name": "package", "value": "17ALLURE_REPORTS.test_allure"}], "titlePath": ["17ALLURE_REPORTS", "test_allure.py"]}